2013-02-20 15:34:22 Error: Fatal Error (4): syntax error, unexpected T_VARIABLE, expecting T_FUNCTION in [C:\wamp\www\cakequote\app\Controller\AppController.php, line 53]
2013-02-20 15:34:22 Error: [FatalErrorException] syntax error, unexpected T_VARIABLE, expecting T_FUNCTION
Request URL: /cakequote/
Stack Trace:
#0 C:\wamp\www\cakequote\lib\Cake\Error\ErrorHandler.php(183): ErrorHandler::handleFatalError(4, 'syntax error, u...', 'C:\wamp\www\cak...', 53)
#1 [internal function]: ErrorHandler::handleError(4, 'syntax error, u...', 'C:\wamp\www\cak...', 53, Array)
#2 C:\wamp\www\cakequote\lib\Cake\Core\App.php(926): call_user_func('ErrorHandler::h...', 4, 'syntax error, u...', 'C:\wamp\www\cak...', 53, Array)
#3 C:\wamp\www\cakequote\lib\Cake\Core\App.php(899): App::_checkFatalError()
#4 [internal function]: App::shutdown()
#5 {main}
2013-02-20 15:34:41 Error: Fatal Error (4): syntax error, unexpected T_VARIABLE, expecting T_FUNCTION in [C:\wamp\www\cakequote\app\Controller\AppController.php, line 53]
2013-02-20 15:34:41 Error: [FatalErrorException] syntax error, unexpected T_VARIABLE, expecting T_FUNCTION
Request URL: /cakequote/quotes
Stack Trace:
#0 C:\wamp\www\cakequote\lib\Cake\Error\ErrorHandler.php(183): ErrorHandler::handleFatalError(4, 'syntax error, u...', 'C:\wamp\www\cak...', 53)
#1 [internal function]: ErrorHandler::handleError(4, 'syntax error, u...', 'C:\wamp\www\cak...', 53, Array)
#2 C:\wamp\www\cakequote\lib\Cake\Core\App.php(926): call_user_func('ErrorHandler::h...', 4, 'syntax error, u...', 'C:\wamp\www\cak...', 53, Array)
#3 C:\wamp\www\cakequote\lib\Cake\Core\App.php(899): App::_checkFatalError()
#4 [internal function]: App::shutdown()
#5 {main}
2013-02-20 15:51:06 Error: Fatal Error (4): syntax error, unexpected ')' in [C:\wamp\www\cakequote\app\Controller\UsersController.php, line 21]
2013-02-20 15:51:06 Error: [FatalErrorException] syntax error, unexpected ')'
Request URL: /cakequote/users/login
Stack Trace:
#0 C:\wamp\www\cakequote\lib\Cake\Error\ErrorHandler.php(183): ErrorHandler::handleFatalError(4, 'syntax error, u...', 'C:\wamp\www\cak...', 21)
#1 [internal function]: ErrorHandler::handleError(4, 'syntax error, u...', 'C:\wamp\www\cak...', 21, Array)
#2 C:\wamp\www\cakequote\lib\Cake\Core\App.php(926): call_user_func('ErrorHandler::h...', 4, 'syntax error, u...', 'C:\wamp\www\cak...', 21, Array)
#3 C:\wamp\www\cakequote\lib\Cake\Core\App.php(899): App::_checkFatalError()
#4 [internal function]: App::shutdown()
#5 {main}
2013-02-20 15:58:49 Error: Fatal Error (4): syntax error, unexpected T_PUBLIC in [C:\wamp\www\cakequote\app\Model\User.php, line 60]
2013-02-20 15:58:49 Error: [FatalErrorException] syntax error, unexpected T_PUBLIC
Request URL: /cakequote/users/add
Stack Trace:
#0 C:\wamp\www\cakequote\lib\Cake\Error\ErrorHandler.php(183): ErrorHandler::handleFatalError(4, 'syntax error, u...', 'C:\wamp\www\cak...', 60)
#1 [internal function]: ErrorHandler::handleError(4, 'syntax error, u...', 'C:\wamp\www\cak...', 60, Array)
#2 C:\wamp\www\cakequote\lib\Cake\Core\App.php(926): call_user_func('ErrorHandler::h...', 4, 'syntax error, u...', 'C:\wamp\www\cak...', 60, Array)
#3 C:\wamp\www\cakequote\lib\Cake\Core\App.php(899): App::_checkFatalError()
#4 [internal function]: App::shutdown()
#5 {main}
